This is pdfTeX, Version 3.14159265-2.6-1.40.15 (TeX Live 2014/Arch Linux) (preloaded format=pdflatex 2014.9.4)  26 SEP 2014 19:46
entering extended mode
 restricted \write18 enabled.
 file:line:error style messages enabled.
 %&-line parsing enabled.
**\input ./HW1.tex
(./HW1.tex (/usr/share/texmf-dist/tex/latex/base/article.cls
Document Class: article 2007/10/19 v1.4h Standard LaTeX document class
(/usr/share/texmf-dist/tex/latex/base/size12.clo
File: size12.clo 2007/10/19 v1.4h Standard LaTeX file (size option)
)
\c@part=\count79
\c@section=\count80
\c@subsection=\count81
\c@subsubsection=\count82
\c@paragraph=\count83
\c@subparagraph=\count84
\c@figure=\count85
\c@table=\count86
\abovecaptionskip=\skip41
\belowcaptionskip=\skip42
\bibindent=\dimen102
)
(/usr/share/texmf-dist/tex/latex/amsmath/amsmath.sty
Package: amsmath 2013/01/14 v2.14 AMS math features
\@mathmargin=\skip43

For additional information on amsmath, use the `?' option.
(/usr/share/texmf-dist/tex/latex/amsmath/amstext.sty
Package: amstext 2000/06/29 v2.01

(/usr/share/texmf-dist/tex/latex/amsmath/amsgen.sty
File: amsgen.sty 1999/11/30 v2.0
\@emptytoks=\toks14
\ex@=\dimen103
))
(/usr/share/texmf-dist/tex/latex/amsmath/amsbsy.sty
Package: amsbsy 1999/11/29 v1.2d
\pmbraise@=\dimen104
)
(/usr/share/texmf-dist/tex/latex/amsmath/amsopn.sty
Package: amsopn 1999/12/14 v2.01 operator names
)
\inf@bad=\count87
LaTeX Info: Redefining \frac on input line 210.
\uproot@=\count88
\leftroot@=\count89
LaTeX Info: Redefining \overline on input line 306.
\classnum@=\count90
\DOTSCASE@=\count91
LaTeX Info: Redefining \ldots on input line 378.
LaTeX Info: Redefining \dots on input line 381.
LaTeX Info: Redefining \cdots on input line 466.
\Mathstrutbox@=\box26
\strutbox@=\box27
\big@size=\dimen105
LaTeX Font Info:    Redeclaring font encoding OML on input line 566.
LaTeX Font Info:    Redeclaring font encoding OMS on input line 567.
\macc@depth=\count92
\c@MaxMatrixCols=\count93
\dotsspace@=\muskip10
\c@parentequation=\count94
\dspbrk@lvl=\count95
\tag@help=\toks15
\row@=\count96
\column@=\count97
\maxfields@=\count98
\andhelp@=\toks16
\eqnshift@=\dimen106
\alignsep@=\dimen107
\tagshift@=\dimen108
\tagwidth@=\dimen109
\totwidth@=\dimen110
\lineht@=\dimen111
\@envbody=\toks17
\multlinegap=\skip44
\multlinetaggap=\skip45
\mathdisplay@stack=\toks18
LaTeX Info: Redefining \[ on input line 2665.
LaTeX Info: Redefining \] on input line 2666.
)
(/usr/share/texmf-dist/tex/latex/listings/listings.sty
(/usr/share/texmf-dist/tex/latex/graphics/keyval.sty
Package: keyval 2014/05/08 v1.15 key=value parser (DPC)
\KV@toks@=\toks19
)
\lst@mode=\count99
\lst@gtempboxa=\box28
\lst@token=\toks20
\lst@length=\count100
\lst@currlwidth=\dimen112
\lst@column=\count101
\lst@pos=\count102
\lst@lostspace=\dimen113
\lst@width=\dimen114
\lst@newlines=\count103
\lst@lineno=\count104
\lst@maxwidth=\dimen115

(/usr/share/texmf-dist/tex/latex/listings/lstmisc.sty
File: lstmisc.sty 2014/03/04 1.5c (Carsten Heinz)
\c@lstnumber=\count105
\lst@skipnumbers=\count106
\lst@framebox=\box29
)
(/usr/share/texmf-dist/tex/latex/listings/listings.cfg
File: listings.cfg 2014/03/04 1.5c listings configuration
))
Package: listings 2014/03/04 1.5c (Carsten Heinz)

(/usr/share/texmf-dist/tex/latex/graphics/color.sty
Package: color 2014/04/23 v1.1a Standard LaTeX Color (DPC)

(/usr/share/texmf-dist/tex/latex/latexconfig/color.cfg
File: color.cfg 2007/01/18 v1.5 color configuration of teTeX/TeXLive
)
Package color Info: Driver file: pdftex.def on input line 137.

(/usr/share/texmf-dist/tex/latex/pdftex-def/pdftex.def
File: pdftex.def 2011/05/27 v0.06d Graphics/color for pdfTeX

(/usr/share/texmf-dist/tex/generic/oberdiek/infwarerr.sty
Package: infwarerr 2010/04/08 v1.3 Providing info/warning/error messages (HO)
)
(/usr/share/texmf-dist/tex/generic/oberdiek/ltxcmds.sty
Package: ltxcmds 2011/11/09 v1.22 LaTeX kernel commands for general use (HO)
)
\Gread@gobject=\count107
))
(/usr/share/texmf-dist/tex/latex/graphics/graphicx.sty
Package: graphicx 2014/04/25 v1.0g Enhanced LaTeX Graphics (DPC,SPQR)

(/usr/share/texmf-dist/tex/latex/graphics/graphics.sty
Package: graphics 2009/02/05 v1.0o Standard LaTeX Graphics (DPC,SPQR)

(/usr/share/texmf-dist/tex/latex/graphics/trig.sty
Package: trig 1999/03/16 v1.09 sin cos tan (DPC)
)
(/usr/share/texmf-dist/tex/latex/latexconfig/graphics.cfg
File: graphics.cfg 2010/04/23 v1.9 graphics configuration of TeX Live
)
Package graphics Info: Driver file: pdftex.def on input line 91.
)
\Gin@req@height=\dimen116
\Gin@req@width=\dimen117
)
(/usr/share/texmf-dist/tex/latex/geometry/geometry.sty
Package: geometry 2010/09/12 v5.6 Page Geometry

(/usr/share/texmf-dist/tex/generic/oberdiek/ifpdf.sty
Package: ifpdf 2011/01/30 v2.3 Provides the ifpdf switch (HO)
Package ifpdf Info: pdfTeX in PDF mode is detected.
)
(/usr/share/texmf-dist/tex/generic/oberdiek/ifvtex.sty
Package: ifvtex 2010/03/01 v1.5 Detect VTeX and its facilities (HO)
Package ifvtex Info: VTeX not detected.
)
(/usr/share/texmf-dist/tex/generic/ifxetex/ifxetex.sty
Package: ifxetex 2010/09/12 v0.6 Provides ifxetex conditional
)
\Gm@cnth=\count108
\Gm@cntv=\count109
\c@Gm@tempcnt=\count110
\Gm@bindingoffset=\dimen118
\Gm@wd@mp=\dimen119
\Gm@odd@mp=\dimen120
\Gm@even@mp=\dimen121
\Gm@layoutwidth=\dimen122
\Gm@layoutheight=\dimen123
\Gm@layouthoffset=\dimen124
\Gm@layoutvoffset=\dimen125
\Gm@dimlist=\toks21
)
(/usr/share/texmf-dist/tex/latex/listings/lstlang1.sty
File: lstlang1.sty 2014/03/04 1.5c listings language file
) (./HW1.aux

LaTeX Warning: Label `eq:g1' multiply defined.


LaTeX Warning: Label `eq:g2' multiply defined.


LaTeX Warning: Label `eq:g3' multiply defined.

)
\openout1 = `HW1.aux'.

LaTeX Font Info:    Checking defaults for OML/cmm/m/it on input line 31.
LaTeX Font Info:    ... okay on input line 31.
LaTeX Font Info:    Checking defaults for T1/cmr/m/n on input line 31.
LaTeX Font Info:    ... okay on input line 31.
LaTeX Font Info:    Checking defaults for OT1/cmr/m/n on input line 31.
LaTeX Font Info:    ... okay on input line 31.
LaTeX Font Info:    Checking defaults for OMS/cmsy/m/n on input line 31.
LaTeX Font Info:    ... okay on input line 31.
LaTeX Font Info:    Checking defaults for OMX/cmex/m/n on input line 31.
LaTeX Font Info:    ... okay on input line 31.
LaTeX Font Info:    Checking defaults for U/cmr/m/n on input line 31.
LaTeX Font Info:    ... okay on input line 31.
\c@lstlisting=\count111
 (/usr/share/texmf-dist/tex/context/base/supp-pdf.mkii
[Loading MPS to PDF converter (version 2006.09.02).]
\scratchcounter=\count112
\scratchdimen=\dimen126
\scratchbox=\box30
\nofMPsegments=\count113
\nofMParguments=\count114
\everyMPshowfont=\toks22
\MPscratchCnt=\count115
\MPscratchDim=\dimen127
\MPnumerator=\count116
\makeMPintoPDFobject=\count117
\everyMPtoPDFconversion=\toks23
) (/usr/share/texmf-dist/tex/generic/oberdiek/pdftexcmds.sty
Package: pdftexcmds 2011/11/29 v0.20 Utility functions of pdfTeX for LuaTeX (HO
)

(/usr/share/texmf-dist/tex/generic/oberdiek/ifluatex.sty
Package: ifluatex 2010/03/01 v1.3 Provides the ifluatex switch (HO)
Package ifluatex Info: LuaTeX not detected.
)
Package pdftexcmds Info: LuaTeX not detected.
Package pdftexcmds Info: \pdf@primitive is available.
Package pdftexcmds Info: \pdf@ifprimitive is available.
Package pdftexcmds Info: \pdfdraftmode found.
)
(/usr/share/texmf-dist/tex/latex/oberdiek/epstopdf-base.sty
Package: epstopdf-base 2010/02/09 v2.5 Base part for package epstopdf

(/usr/share/texmf-dist/tex/latex/oberdiek/grfext.sty
Package: grfext 2010/08/19 v1.1 Manage graphics extensions (HO)

(/usr/share/texmf-dist/tex/generic/oberdiek/kvdefinekeys.sty
Package: kvdefinekeys 2011/04/07 v1.3 Define keys (HO)
))
(/usr/share/texmf-dist/tex/latex/oberdiek/kvoptions.sty
Package: kvoptions 2011/06/30 v3.11 Key value format for package options (HO)

(/usr/share/texmf-dist/tex/generic/oberdiek/kvsetkeys.sty
Package: kvsetkeys 2012/04/25 v1.16 Key value parser (HO)

(/usr/share/texmf-dist/tex/generic/oberdiek/etexcmds.sty
Package: etexcmds 2011/02/16 v1.5 Avoid name clashes with e-TeX commands (HO)
Package etexcmds Info: Could not find \expanded.
(etexcmds)             That can mean that you are not using pdfTeX 1.50 or
(etexcmds)             that some package has redefined \expanded.
(etexcmds)             In the latter case, load this package earlier.
)))
Package grfext Info: Graphics extension search list:
(grfext)             [.png,.pdf,.jpg,.mps,.jpeg,.jbig2,.jb2,.PNG,.PDF,.JPG,.JPE
G,.JBIG2,.JB2,.eps]
(grfext)             \AppendGraphicsExtensions on input line 452.

(/usr/share/texmf-dist/tex/latex/latexconfig/epstopdf-sys.cfg
File: epstopdf-sys.cfg 2010/07/13 v1.3 Configuration of (r)epstopdf for TeX Liv
e
))
*geometry* driver: auto-detecting
*geometry* detected driver: pdftex
*geometry* verbose mode - [ preamble ] result:
* driver: pdftex
* paper: <default>
* layout: <same size as paper>
* layoutoffset:(h,v)=(0.0pt,0.0pt)
* modes: 
* h-part:(L,W,R)=(36.135pt, 542.02501pt, 36.135pt)
* v-part:(T,H,B)=(36.135pt, 722.7pt, 36.135pt)
* \paperwidth=614.295pt
* \paperheight=794.96999pt
* \textwidth=542.02501pt
* \textheight=722.7pt
* \oddsidemargin=-36.135pt
* \evensidemargin=-36.135pt
* \topmargin=-73.135pt
* \headheight=12.0pt
* \headsep=25.0pt
* \topskip=12.0pt
* \footskip=30.0pt
* \marginparwidth=44.0pt
* \marginparsep=10.0pt
* \columnsep=10.0pt
* \skip\footins=10.8pt plus 4.0pt minus 2.0pt
* \hoffset=0.0pt
* \voffset=0.0pt
* \mag=1000
* \@twocolumnfalse
* \@twosidefalse
* \@mparswitchfalse
* \@reversemarginfalse
* (1in=72.27pt=25.4mm, 1cm=28.453pt)

(./Problem1.py
LaTeX Font Info:    Try loading font information for OMS+cmr on input line 4.
 (/usr/share/texmf-dist/tex/latex/base/omscmr.fd
File: omscmr.fd 1999/05/25 v2.5h Standard LaTeX font definitions
)
LaTeX Font Info:    Font shape `OMS/cmr/m/n' in size <10> not available
(Font)              Font shape `OMS/cmsy/m/n' tried instead on input line 4.
)
(./Problem1.out) [1

{/var/lib/texmf/fonts/map/pdftex/updmap/pdftex.map}]
(./Problem2.py) (./Problem2.out)
Underfull \hbox (badness 10000) in paragraph at lines 50--53

 []


Underfull \hbox (badness 10000) in paragraph at lines 50--53

 []

[2

] (./Problem4a.py
LaTeX Font Info:    Try loading font information for OML+cmr on input line 11.
 (/usr/share/texmf-dist/tex/latex/base/omlcmr.fd
File: omlcmr.fd 1999/05/25 v2.5h Standard LaTeX font definitions
)
LaTeX Font Info:    Font shape `OML/cmr/m/n' in size <10> not available
(Font)              Font shape `OML/cmm/m/it' tried instead on input line 11.
)
<Problem4a.png, id=16, 578.16pt x 433.62pt>
File: Problem4a.png Graphic file (type png)
 <use Problem4a.png>
Package pdftex.def Info: Problem4a.png used on input line 64.
(pdftex.def)             Requested size: 271.0125pt x 203.25887pt.
 [3

 <./Problem4a.png>] (./Problem4b.py) <Problem4b.png, id=23, 578.16pt x 433.62pt
>
File: Problem4b.png Graphic file (type png)

<use Problem4b.png>
Package pdftex.def Info: Problem4b.png used on input line 74.
(pdftex.def)             Requested size: 433.62166pt x 325.2142pt.
 [4

 <./Problem4b.png>] (./Problem4c.py)
<Problem4c.png, id=28, 578.16pt x 433.62pt>
File: Problem4c.png Graphic file (type png)
 <use Problem4c.png>
Package pdftex.def Info: Problem4c.png used on input line 85.
(pdftex.def)             Requested size: 406.51875pt x 304.8883pt.
 [5

 <./Problem4c.png>] (./Problem4c.py)
Underfull \hbox (badness 10000) in paragraph at lines 94--95

 []

<Problem4da.png, id=33, 578.16pt x 433.62pt>
File: Problem4da.png Graphic file (type png)
 <use Problem4da.png>
Package pdftex.def Info: Problem4da.png used on input line 106.
(pdftex.def)             Requested size: 379.41585pt x 284.56242pt.


LaTeX Warning: `h' float specifier changed to `ht'.

<Problem4db.png, id=34, 578.16pt x 433.62pt>
File: Problem4db.png Graphic file (type png)
 <use Problem4db.png>
Package pdftex.def Info: Problem4db.png used on input line 113.
(pdftex.def)             Requested size: 379.41585pt x 284.56242pt.


LaTeX Warning: `h' float specifier changed to `ht'.

<Problem4dc.png, id=35, 578.16pt x 433.62pt>
File: Problem4dc.png Graphic file (type png)
 <use Problem4dc.png>
Package pdftex.def Info: Problem4dc.png used on input line 121.
(pdftex.def)             Requested size: 379.41585pt x 284.56242pt.


LaTeX Warning: `h' float specifier changed to `ht'.

[6

] [7 <./Problem4da.png> <./Problem4db.png>] [8 <./Problem4dc.png>]
Underfull \hbox (badness 10000) in paragraph at lines 146--151

 []

<Problem5a.png, id=49, 578.16pt x 433.62pt>
File: Problem5a.png Graphic file (type png)
 <use Problem5a.png>
Package pdftex.def Info: Problem5a.png used on input line 161.
(pdftex.def)             Requested size: 379.41585pt x 284.56242pt.

<Problem5b.png, id=50, 578.16pt x 433.62pt>
File: Problem5b.png Graphic file (type png)
 <use Problem5b.png>
Package pdftex.def Info: Problem5b.png used on input line 167.
(pdftex.def)             Requested size: 379.41585pt x 284.56242pt.


LaTeX Warning: `h' float specifier changed to `ht'.

<Problem5c.png, id=51, 578.16pt x 433.62pt>
File: Problem5c.png Graphic file (type png)
 <use Problem5c.png>
Package pdftex.def Info: Problem5c.png used on input line 173.
(pdftex.def)             Requested size: 379.41585pt x 284.56242pt.


LaTeX Warning: `h' float specifier changed to `ht'.

<Problem5d.png, id=52, 578.16pt x 433.62pt>
File: Problem5d.png Graphic file (type png)
 <use Problem5d.png>
Package pdftex.def Info: Problem5d.png used on input line 179.
(pdftex.def)             Requested size: 379.41585pt x 284.56242pt.


LaTeX Warning: `h' float specifier changed to `ht'.

<Problem5e.png, id=53, 578.16pt x 433.62pt>
File: Problem5e.png Graphic file (type png)
 <use Problem5e.png>
Package pdftex.def Info: Problem5e.png used on input line 185.
(pdftex.def)             Requested size: 379.41585pt x 284.56242pt.


LaTeX Warning: `h' float specifier changed to `ht'.

<Problem5f.png, id=54, 578.16pt x 433.62pt>
File: Problem5f.png Graphic file (type png)
 <use Problem5f.png>
Package pdftex.def Info: Problem5f.png used on input line 191.
(pdftex.def)             Requested size: 379.41585pt x 284.56242pt.


LaTeX Warning: `h' float specifier changed to `ht'.

[9

 <./Problem5a.png>] [10 <./Problem5b.png> <./Problem5c.png>] [11 <./Problem5d.p
ng> <./Problem5e.png>] [12 <./Problem5f.png>]
<Problem6a.png, id=75, 578.16pt x 433.62pt>
File: Problem6a.png Graphic file (type png)
 <use Problem6a.png>
Package pdftex.def Info: Problem6a.png used on input line 210.
(pdftex.def)             Requested size: 379.41585pt x 284.56242pt.
 [13

 <./Problem6a.png>] (./Problem7.py) (./Problem7a.out) (./Problem7b.out) (./Prob
lem7c.out)
[14

] <Problem8a.png, id=85, 578.16pt x 433.62pt>
File: Problem8a.png Graphic file (type png)
 <use Problem8a.png>
Package pdftex.def Info: Problem8a.png used on input line 291.
(pdftex.def)             Requested size: 271.0125pt x 203.25887pt.
 [15

 <./Problem8a.png>] [16

] <Problem9a.png, id=93, 578.16pt x 433.62pt>
File: Problem9a.png Graphic file (type png)

<use Problem9a.png>
Package pdftex.def Info: Problem9a.png used on input line 327.
(pdftex.def)             Requested size: 433.62166pt x 325.2142pt.
 [17

 <./Problem9a.png>]
<Problem9b.png, id=100, 578.16pt x 433.62pt>
File: Problem9b.png Graphic file (type png)
 <use Problem9b.png>
Package pdftex.def Info: Problem9b.png used on input line 347.
(pdftex.def)             Requested size: 433.62166pt x 325.2142pt.
 [18

 <./Problem9b.png>] (./Problem9.out) <Problem9c.png, id=105, 578.16pt x 433.62p
t>
File: Problem9c.png Graphic file (type png)

<use Problem9c.png>
Package pdftex.def Info: Problem9c.png used on input line 377.
(pdftex.def)             Requested size: 433.62166pt x 325.2142pt.
 [19

 <./Problem9c.png>] [20] (./HW1.aux)

LaTeX Warning: There were multiply-defined labels.

 ) 
Here is how much of TeX's memory you used:
 4233 strings out of 493108
 58016 string characters out of 6140726
 246598 words of memory out of 5000000
 7602 multiletter control sequences out of 15000+600000
 9853 words of font info for 36 fonts, out of 8000000 for 9000
 1141 hyphenation exceptions out of 8191
 38i,13n,40p,272b,1339s stack positions out of 5000i,500n,10000p,200000b,80000s
</usr/share/texmf-dist/fonts/type1/public/amsfonts/cm/cmbx12.pfb></usr/share/
texmf-dist/fonts/type1/public/amsfonts/cm/cmex10.pfb></usr/share/texmf-dist/fon
ts/type1/public/amsfonts/cm/cmmi10.pfb></usr/share/texmf-dist/fonts/type1/publi
c/amsfonts/cm/cmmi12.pfb></usr/share/texmf-dist/fonts/type1/public/amsfonts/cm/
cmmi6.pfb></usr/share/texmf-dist/fonts/type1/public/amsfonts/cm/cmmi8.pfb></usr
/share/texmf-dist/fonts/type1/public/amsfonts/cm/cmr10.pfb></usr/share/texmf-di
st/fonts/type1/public/amsfonts/cm/cmr12.pfb></usr/share/texmf-dist/fonts/type1/
public/amsfonts/cm/cmr17.pfb></usr/share/texmf-dist/fonts/type1/public/amsfonts
/cm/cmr6.pfb></usr/share/texmf-dist/fonts/type1/public/amsfonts/cm/cmr8.pfb></u
sr/share/texmf-dist/fonts/type1/public/amsfonts/cm/cmsy10.pfb></usr/share/texmf
-dist/fonts/type1/public/amsfonts/cm/cmsy8.pfb>
Output written on HW1.pdf (20 pages, 773764 bytes).
PDF statistics:
 156 PDF objects out of 1000 (max. 8388607)
 86 compressed objects within 1 object stream
 0 named destinations out of 1000 (max. 500000)
 86 words of extra memory for PDF output out of 10000 (max. 10000000)

